␛[37mmain.cpp:171 | Energie-Junkies -- Harvester ---
tft.cpp:55 | TFT Width 320,Height: 240
␛[37mt␛[37mft.cpp:122 | Frequency    =  240 MHz
tft.cpp:126 | Check tft SPI
tft.cpp:129 | MOSI    =  13
tft.cpp:134 | MISO    =  12
tft.cpp:139 | SCK    =  14
␛[37me␛[37mprom.cpp:108 | eprom_isInit:: Nothing to do
␛[37me␛[37mprom.cpp:144 | eprom_getSetup() .. AmisReaderHost: 167772181 10.0.0.21
␛[37mm␛[37main.cpp:196 | get network   
␛[37mw␛[37mlan.cpp:28 | WIFI: Milchbehaelter, Passwd: 47754775
wlan.cpp:29 | Connecting to WiFi ..
␛[37mw␛[37mlan.cpp:38 | .␛[37mw␛[37mlan.cpp:38 | .␛[37mw␛[37mlan.cpp:38 | .␛[37mw␛[37mlan.cpp:38 | .␛[37mw␛[37mlan.cpp:38 | .␛[37mw␛[37mlan.cpp:56 | [Wifi] Connecting to Milchbehaelter 
␛[37mw␛[37mlan.cpp:97 | [WiFi] WiFi is disconnected
␛[37mw␛[37mlan.cpp:104 | [WiFi] WiFi is connected!␛[37mw␛[37mlan.cpp:107 | [WiFi] IP address: 10.0.0.3
main.cpp:224 | Connected with ip: 10.0.0.3
␛[37mw␛[37mww.cpp:164 | WWW init server with ip: 10.0.0.3
␛[37mc␛[37murTime.cpp:81 | Init time from ntp
␛[37mm␛[37main.cpp:242 | Setup Modbus ...
modbusReader.cpp:133 |  Inverter Addr: 10.0.0.2
␛[37mm␛[37modbusReader.cpp:119 | modbus do connect .... 1
␛[37mc␛[37mardRW_setup.cpp:38 | CardReader, logToCard: 0, logInverterToCard: 0
␛[37mE␛[37m (26654) EJunkies: f_mount failed: (3) The physical drive cannot work
␛[37mE␛[37m (27153) EJunkies: Select Failed
␛[37mc␛[37mardRW_setup.cpp:51 | Try to mount card (1)
␛[37mE␛[37m (29655) EJunkies: f_mount failed: (3) The physical drive cannot work
␛[37mE␛[37m (30154) EJunkies: Select Failed
␛[37mc␛[37mardRW_setup.cpp:51 | Try to mount card (2)
␛[37mE␛[37m (32656) EJunkies: f_mount failed: (3) The physical drive cannot work
␛[37mE␛[37m (33155) EJunkies: Select Failed
␛[37mc␛[37mardRW_setup.cpp:51 | Try to mount card (3)
␛[37mE␛[37m (35657) EJunkies: f_mount failed: (3) The physical drive cannot work
␛[37mE␛[37m (36156) EJunkies: Select Failed
␛[37mc␛[37mardRW_setup.cpp:51 | Try to mount card (4)
␛[37mE␛[37m (38658) EJunkies: f_mount failed: (3) The physical drive cannot work
␛[37mE␛[37m (39157) EJunkies: Select Failed
␛[37mc␛[37mardRW_setup.cpp:51 | Try to mount card (5)
cardRW_setup.cpp:54 | Card Mount Failed:  6 trials
E (41158) EJunkies: SD Card Reader kann nicht initialisiert werden!
␛[37mmain.cpp:284 | Logging to file cannot be initiated ...
␛[37mt␛[37memp.cpp:41 | Init Temp Sensor...
␛[37mt␛[37memp.cpp:53 | Locating devices...Found :2 devices
␛[37mt␛[37memp.cpp:61 | Found device 0 with address:
temp.cpp:34 |  28:9A:2C:57:04:E1:3C:D5
temp.cpp:35 | END init temperature ...
␛[37mt␛[37memp.cpp:61 | Found device 1 with address:
temp.cpp:34 |  28:BE:5C:57:04:E1:3C:D2
temp.cpp:35 | END init temperature ...
temp.cpp:73 | 
␛[37mm␛[37modbusReader.cpp:224 | modbusReader::mb_readAll
␛[37mm␛[37modbusRegister.cpp:61 | ==> scaling, value: 0
modbusReader.cpp:392 | ModbusReader::Index:[1]:: [SmartMeter] , data:         0.000;        0.000;        0.000;
␛[37mm␛[37modbusRegister.cpp:61 | ==> scaling, value: 0
modbusRegister.cpp:61 | ==> scaling, value: 0
modbusReader.cpp:392 | ModbusReader::Index:[0]:: [Inverter] , data:         0.000;        0.000;        0.000;
␛[37mm␛[37modbusRegister.cpp:61 | ==> scaling, value: 0
modbusRegister.cpp:61 | ==> scaling, value: 0
modbusRegister.cpp:61 | ==> scaling, value: 0
␛[37mmodbusReader.cpp:392 | ModbusReader::Index␛[37m:␛[37m[2]:: [Akku State] , data:         0.000;        0.000;        0.000;        0.000;
␛[37mm␛[37modbusRegister.cpp:61 | ==> scaling, value: 0
modbusRegister.cpp:61 | ==> scaling, value: 0
modbusRegister.cpp:61 | ==> scaling, value: 0
modbusRegister.cpp:61 | ==> scaling, value: 0
modbusRegister.cpp:61 | ==> scaling, value: 0
modbusRegister.cpp:61 | ==> scaling, value: 0
modbusRegister.cpp:61 | ==> scaling, value: 0
␛[37mmodbusReader.cpp:392 | ModbusReader::Index:[3]:: [Akku Strg] , data:         0.000;        0.000;        0.000;        0.000;        0.000;        0.000;        0.000;
modbusReader.cpp:403 |  
main.cpp:314 | main::before solar_init
␛[37meprom.cpp:246 | printEprom ============================================ begin

eprom.cpp:249 | EPROM out 

 WLAN: , Passwd:  Heiz␛[37mstabLeistungInWatt: 0, AusschaltTempInC: 0 MindesttempInGrad: 0 externer SPeicher: 0 Priorität: 
eprom.cpp:250 | print eprom - sizeof buffer: 131
eprom.cpp:251 | printEprom ======================================================== end

main.cpp:324 | main:␛[37m:before solar_init 2, tcp as uint: 0
main.cpp:329 | CP is: 

main.cpp:331 | inverter: 
froniusSolarAPI.cpp:19 | solar_init BEGI␛[37mN 
froniusSolarAPI.cpp:24 | solar_init() for http:///status/powerflow
␛[37mE (43291) EJunkies: DNS Failed for 
␛[37mutils.cpp:267 | Error code: -1
␛[37mfroniusSolarAPI.cpp:31 | so␛[37mlar_init:: Fronius API nicht erreichbar - kein Fronius Inverter?
main.cpp:357 | Setup PID-Controller
␛[37mS␛[37myncing time
Synchronized time: Wed Feb 14 14:40:13 2024

␛[37minflux.cpp:30 | Init influx
␛[37mi␛[37mnflux.cpp:34 | Connected to InfluxDB: http://rantanplan-ethernet:8086
␛[37minflux.cpp:56 | Write to influx: environment device="esp32",inverter="fronius",model="gen24",bootAt="2024-02-14 14:40:13
"
␛[37ma␛[37mmisReader.cpp:30 | AmisReader - init() 
␛[37ma␛[37mmisReader.cpp:44 | amisReader_initRestTargets - AmisReader:: IP: 10.0.0.21, RetVal open socket 0
␛[37ma␛[37mmisReader.cpp:162 | mapJsonValues: Wirkleistung P+ 0.000
␛[37mm␛[37main.cpp:381 | AMIS-Reader:: connected successfully ...
␛[37mm␛[37main.cpp:401 |  -------- States ---------------
main.cpp:402 | Fronius: n
main.cpp:403 | AmisReader: y
main.cpp:404 | CardWrite: n
m␛[37main.cpp:405 | FlashFS: y
main.cpp:406 | Influx: y
main.cpp:407 | Modbus: y
main.cpp:408 | MqTT: n
main.cpp:409 | TempSensor: y
␛[37mm␛[37main.cpp:684 |  TEMP in Celsius, S1: 15.000000, S2: 15.000000
␛[37ma␛[37mmisReader.cpp:162 | mapJsonValues: Wirkleistung P+ 0.000
␛[37mm␛[37main.cpp:775 | main:: AmisReader: available is: 2236, import: 28512015 , export: 16289302
␛[37mm␛[37modbusReader.cpp:119 | modbus do connect .... 1
␛[37mm␛[37modbusReader.cpp:319 | Modbus read susccessfully ...
␛[37mm␛[37modbusRegister.cpp:61 | ==> scaling, value: 16334
modbusRegister.cpp:61 | ␛[37m==> scaling, value: 18657
␛[37mm␛[37modbusReader.cpp:392 | ModbusReader::Index:[0]:: [Inverter] , data:      1633.400; 24990578.180;     1865.700;
␛[37mm␛[37main.cpp:809 | Produktion 1.63 kW
main.cpp:811 | EXport 0.00 W
␛[37mmain.cpp:823 |   in W: 1.63 kW
␛[37mm␛[37main.cpp:886 | PID_CONTROLLER_INTERVALL
pidManager.cpp:199 | =================PID Start =======================
influx.cpp:136 | influx_write_production BEGIN
␛[37me␛[37mprom.cpp:144 | eprom_getSetup() .. AmisReaderHost: 167772181 10.0.0.21
␛[37mp␛[37midManager.cpp:237 | Abs: 1643.400000,  newAvailableWatt: 1643.400000, Bias: 10, addLoad: 0.000
␛[37mw␛[37mebSockets.cpp:83 | webSocks - getJsonOj:  15.00
␛[37mm␛[37modbusReader.cpp:119 | modbus do connect .... 1
␛[37mm␛[37modbusReader.cpp:319 | Modbus read susccessfully ...
␛[37mm␛[37modbusRegister.cpp:61 | ==> scaling, value: 21488
modbusRead␛[37mer.cpp:392 | ModbusReader::Index:[1]:: [SmartMeter] , data:      2148.800; 16301788.000; 12457778.000;
␛[37mm␛[37main.cpp:809 | Produktion 1.63 kW
main.cpp:811 | EXport 2.15 kW
main.cpp:823 |   in W: 3.78 kW
␛[37mm␛[37main.cpp:886 | PID_CONTROLLER_INTERVALL
pidManager.cpp:199 | =================PID Start =======================
influx.cpp:136 | influx_write_production BEGIN
␛[37me␛[37mprom.cpp:144 | eprom_getSetup() .. AmisReaderHost: 167772181 10.0.0.21
␛[37mp␛[37midManager.cpp:237 | Abs: 505.400000,  newAvailableWatt: -505.400000, Bias: 10, addLoad: 0.000
␛[37mm␛[37main.cpp:684 |  TEMP in Celsius, S1: 15.000000, S2: 15.000000
main.cpp:886 | PID_CONTROLLER_INTERVALL
pidManager.cpp:199 | =================PID Start =======================
influx.cpp:136 | influx_write_production BEGIN
␛[37me␛[37mprom.cpp:144 | eprom_getSetup() .. AmisReaderHost: 167772181 10.0.0.21
␛[37mp␛[37midManager.cpp:237 | Abs: 505.400000,  newAvailableWatt: -505.400000, Bias: 10, addLoad: 0.000
␛[37mm␛[37modbusReader.cpp:119 | modbus do connect .... 1
␛[37mm␛[37modbusReader.cpp:319 | Modbus read susccessfully ...
␛[37mm␛[37modbusRegister.cpp:61 | ==> scaling, value: 13824
modbusRegister.cpp:61 | ==> scaling, value: 12800
modbusRegister.cpp:61 | ==> scaling, value: 12800
␛[37mmodbusReader.cpp:392 | ModbusReader::Index:[2]:: [Akku State] , data:     13824.000;    12800.000;    12800.000; 24990578.000;
␛[37mmain.cpp:809 | Produktion 1.63 kW
main.cpp:811 | EXport 2.15 kW
␛[37mmain.cpp:823 |   in W: 3.78 kW
␛[37mm␛[37main.cpp:886 | PID_CONTROLLER_INTERVALL
pidManager.cpp:199 | =================PID Start =======================
influx.cpp:136 | influx_write_production BEGIN
␛[37me␛[37mprom.cpp:144 | eprom_getSetup() .. AmisReaderHost: 167772181 10.0.0.21
␛[37mp␛[37midManager.cpp:237 | Abs: 505.400000,  newAvailableWatt: -505.400000, Bias: 10, addLoad: 0.000
␛[37mm␛[37main.cpp:886 | PID_CONTROLLER_INTERVALL
pidManager.cpp:199 | =================PID Start =======================
influx.cpp:136 | influx_write_production BEGIN
␛[37me␛[37mprom.cpp:144 | eprom_getSetup() .. AmisReaderHost: 167772181 10.0.0.21
␛[37mp␛[37midManager.cpp:237 | Abs: 505.400000,  newAvailableWatt: -505.400000, Bias: 10, addLoad: 0.000
␛[37mm␛[37modbusReader.cpp:119 | modbus do connect .... 1
␛[37mm␛[37modbusReader.cpp:319 | Modbus read susccessfully ...
␛[37mm␛[37modbusRegister.cpp:61 | ==> scaling, value: 0
modbusRegister.cpp:61 | ==> scaling, value: 0
modbusRegister.cpp:61 | ==> scaling, value: 0
modbusRegister.cpp:61 | ==> scaling, value: 0
modbusRegister.cpp:61 | ==> scaling, value: 0
modbusRegister.cpp:61 | ==> scaling, value: 0
modbusRegister.cpp␛[37m:61 | ==> scaling, value: 0
modbusReader.cpp:392 | ModbusReader::Index:[3]:: [Akku Strg] , data:         0.000;        0.000;        0.000;        0.000;        0.000;        0.000;        0.000;
modbusReader.cpp:403 |  
␛[37mmain.cpp:809 | Produktion 1.63 kW
main.cpp:811 | EXport 2.15 kW
␛[37mmain.cpp:823 |   in W: 3.78 kW
␛[37mm␛[37main.cpp:684 |  TEMP in Celsius, S1: 15.000000, S2: 15.000000
␛[37ma␛[37mmisReader.cpp:162 | mapJsonValues: Wirkleistung P+ 0.000
␛[37mm␛[37main.cpp:775 | main:: AmisReader: available is: 2175, import: 28512022 , export: 16289302
main.cpp:886 | PID_CONTROLLER_INTERVALL
pidManager.cpp:199 | =================PID Start =======================
in␛[37mflux.cpp:136 | influx_write_production BEGIN
␛[37me␛[37mprom.cpp:144 | eprom_getSetup() .. AmisReaderHost: 167772181 10.0.0.21
␛[37mp␛[37midManager.cpp:237 | Abs: 505.400000,  newAvailableWatt: -505.400000, Bias: 10, addLoad: 0.000
␛[37mw␛[37mebSockets.cpp:83 | webSocks - getJsonOj:  15.00
␛[37mm␛[37modbusReader.cpp:119 | modbus do connect .... 1
␛[37mm␛[37modbusReader.cpp:319 | Modbus read susccessfully ...
␛[37mm␛[37modbusRegister.cpp:61 | ==> scaling, value: 16334
modbusRegister.cpp:61 | ==> scaling, value: 18657
␛[37mmodbusReader.cpp:392 | ModbusReader::Index:[0]:: [Inverter] , data:      1633.400; 24990578.180;     1865.700;
␛[37mm␛[37main.cpp:809 | Produktion 1.63 kW
main.cpp:811 | EXport 2.15 kW
main.cpp:823 |   in W: 3.78 kW
␛[37mm␛[37main.cpp:886 | PID_CONTROLLER_INTERVALL
pidManager.cpp:199 | =================PID Start =======================
influx.cpp:136 | influx_write_production BEGIN
␛[37me␛[37mprom.cpp:144 | eprom_getSetup() .. AmisReaderHost: 167772181 10.0.0.21
␛[37mp␛[37midManager.cpp:237 | Abs: 505.400000,  newAvailableWatt: -505.400000, Bias: 10, addLoad: 0.000
␛[37mm␛[37main.cpp:886 | PID_CONTROLLER_INTERVALL
pidManager.cpp:199 | =================PID Start =======================
influx.cpp:136 | influx_write_production BEGIN
␛[37me␛[37mprom.cpp:144 | eprom_getSetup() .. AmisReaderHost: 167772181 10.0.0.21
␛[37mp␛[37midManager.cpp:237 | Abs: 505.400000,  newAvailableWatt: -505.400000, Bias: 10, addLoad: 0.000
␛[37mm␛[37modbusReader.cpp:119 | modbus do connect .... 1
␛[37mm␛[37modbusReader.cpp:319 | Modbus read susccessfully ...
␛[37mm␛[37modbusRegister.cpp:61 | ==> scaling, value: 21488
␛[37mmodbusReader.cpp:392 | ModbusReader::Index:[1]:: [SmartMeter] , data:      2148.800; 16301788.000; 12457778.000;
␛[37mmain.cpp:809 | Produktion 1.63 kW
main.cpp:811 | EXport 2.15 kW
main.cpp:823 |   in W: 3.78 kW
␛[37mm␛[37main.cpp:684 |  TEMP in Celsius, S1: 15.000000, S2: 15.000000
main.cpp:886 | PID_CONTROLLER_INTERVALL
pidManager.cpp:199 | =================PID Start =======================
influx.cpp:136 | influx_write_production BEGIN
␛[37me␛[37mprom.cpp:144 | eprom_getSetup() .. AmisReaderHost: 167772181 10.0.0.21
␛[37mp␛[37midManager.cpp:237 | Abs: 505.400000,  newAvailableWatt: -505.400000, Bias: 10, addLoad: 0.000
pidManager.cpp:257 | Means of MAX_LEN_MEASURE-2 measures 
pidManager.cpp:278 | AvailableWatt: -505.400000 < 0, Consumation, analogOut: 0.000   
pidManager.cpp:111 | getWattBoundInRelays
␛[37mpidManager.cpp:282 | storage: 0.000 , availableWatt: 505.400 
pidManager.cpp:175 | >  0,mCurrentPower <= onePhas: pwm: 77.326200
␛[37mpidManager.cpp:305 | 6 availableWatt < onePhase, mAnalogOut: 77.326
pidManager.cpp:111 | getWattBoundInRelays
pidManager.cpp:421 | Eexit  mCurrPower (W): -0.000, storage: 0.000 S␛[37mTore: 77.326,anaOutput(PWM) 0.000000, Dig1: 0, Dig2: 0
influx.cpp:116 | influx_write_test BEGIN, isValid: 1
␛[37mp␛[37midManager.cpp:428 | Available: -0.000, storage: 0.000
pidManager.cpp:429 | =================PID End =======================
␛[37mm␛[37main.cpp:684 |  TEMP in Celsius, S1: 15.000000, S2: 15.000000
␛[37ma␛[37mmisReader.cpp:162 | mapJsonValues: Wirkleistung P+ 0.000
␛[37mm␛[37main.cpp:775 | main:: AmisReader: available is: 2143, import: 28512036 , export: 16289302
␛[37mm␛[37modbusReader.cpp:119 | modbus do connect .... 1
␛[37mm␛[37modbusReader.cpp:319 | Modbus read susccessfully ...
␛[37mm␛[37modbusRegister.cpp:61 | ==> scaling, value: 13824
modbusRegister.cpp:61 | ==> scaling, value: 12800
modbusRegister.cpp:61 | ==> scaling, value: 12800
␛[37mm␛[37modbusReader.cpp:392 | ModbusReader::Index:[2]:: [Akku State] , data:     13824.000;    12800.000;    12800.000; 24990578.000;
␛[37mm␛[37main.cpp:809 | Produktion 1.63 kW
␛[37mm␛[37main.cpp:811 | EXport 2.15 kW
␛[37mmain.cpp:823 |   in W: 3.78 kW
␛[37mm␛[37main.cpp:886 | PID_CONTROLLER_INTERVALL
pidManager.cpp:199 | =================PID Start =======================
influx.cpp:136 | influx_write_production BEGIN
␛[37me␛[37mprom.cpp:144 | eprom_getSetup() .. AmisReaderHost: 167772181 10.0.0.21
␛[37mp␛[37midManager.cpp:237 | Abs: 505.400000,  newAvailableWatt: -505.400000, Bias: 10, addLoad: 0.000
␛[37mw␛[37mebSockets.cpp:83 | webSocks - getJsonOj:  15.00
␛[37mm␛[37modbusReader.cpp:119 | modbus do connect .... 1
␛[37mm␛[37modbusReader.cpp:319 | Modbus read susccessfully ...
␛[37mm␛[37modbusRegister.cpp:61 | ==> scaling, value: 0
modbusRegister.cpp:61 | ==> scaling, value: 0
modbusRegister.cpp:61 | ==> scaling, value: 0
modbusRegister.cpp:61 | ==> scaling, value: 0
modbusRegister.cpp:61 | ==> scaling, value: 0
modbusRegister.cpp:61 | ==> scaling, value␛[37m: 0
modbusRegister.cpp:61 | ==> scaling, value: 0
␛[37mm␛[37modbusReader.cpp:392 | ModbusReader::Index:[3]:: [Akku Strg] , data:         0␛[37m.␛[37m000;        0.000;        0.000;        0.000;        0.000;        0.000;        0.000;
modbusReader.cpp:403 |  
␛[37mm␛[37main.cpp:809 | Produktion 1.63 kW
␛[37mmain.cpp:811 | EXport 2.15 kW
␛[37mmain.cpp:823 |   in W: 3.78 kW
␛[37mm␛[37main.cpp:886 | PID_CONTROLLER_INTERVALL
pidManager.cpp:199 | =================PID Start =======================
influx.cpp:136 | influx_write_production BEGIN
␛[37me␛[37mprom.cpp:144 | eprom_getSetup() .. AmisReaderHost: 167772181 10.0.0.21
␛[37mp␛[37midManager.cpp:237 | Abs: 505.400000,  newAvailableWatt: -505.400000, Bias: 10, addLoad: 0.000
␛[37mm␛[37main.cpp:684 |  TEMP in Celsius, S1: 15.000000, S2: 15.000000
main.cpp:886 | PID_CONTROLLER_INTERVALL
pidManager.cpp:199 | =================PID Start =======================
influx.cpp:136 | influx_write_production BEGIN
␛[37me␛[37mprom.cpp:144 | eprom_getSetup() .. AmisReaderHost: 167772181 10.0.0.21
␛[37mp␛[37midManager.cpp:237 | Abs: 505.400000,  newAvailableWatt: -505.400000, Bias: 10, addLoad: 0.000
␛[37mm␛[37modbusReader.cpp:119 | modbus do connect .... 1
␛[37mm␛[37modbusReader.cpp:319 | Modbus read susccessfully ...
␛[37mm␛[37modbusRegister.cpp:61 | ==> scaling, value: 16334
modbusRegister.cpp:61 | ==> scaling, value: 18657
␛[37mm␛[37modbusReader.cpp:392 | ModbusReader::Index:[0]:: [Inverter] , data:      1633.400; 24990578.180;     1865.700;
␛[37mm␛[37main.cpp:809 | Produktion 1.63 kW
␛[37mmain.cpp:8␛[37m11 | EXport 2.15 kW
main.cpp:823 |   in W: 3.78 kW
␛[37mm␛[37main.cpp:886 | PID_CONTROLLER_INTERVALL
pidManager.cpp:199 | =================PID Start =======================
influx.cpp:136 | influx_write_production BEGIN
␛[37me␛[37mprom.cpp:144 | eprom_getSetup() .. AmisReaderHost: 167772181 10.0.0.21
␛[37mp␛[37midManager.cpp:237 | Abs: 505.400000,  newAvailableWatt: -505.400000, Bias: 10, addLoad: 0.000
␛[37mm␛[37main.cpp:886 | PID_CONTROLLER_INTERVALL
pidManager.cpp:199 | =================PID Start =======================
influx.cpp:136 | influx_write_production BEGIN
␛[37me␛[37mprom.cpp:144 | eprom_getSetup() .. AmisReaderHost: 167772181 10.0.0.21
␛[37mp␛[37midManager.cpp:237 | Abs: 505.400000,  newAvailableWatt: -505.400000, Bias: 10, addLoad: 0.000
␛[37mm␛[37modbusReader.cpp:119 | modbus do connect .... 1
␛[37mm␛[37modbusReader.cpp:319 | Modbus read susccessfully ...
␛[37mm␛[37modbusRegister.cpp:61 | ==> scaling, value: 21488
modbusReader.cpp:392 | ModbusReader::Index:[1]:: [SmartMeter] , data:      2148.800; 16301788.000; 12457778.000;
␛[37mmain.cpp:809 | Produktion 1.63 kW
␛[37mmain.cpp:811 | EXport 2.15 kW
main.cpp:823 |   in W: 3.78 kW
␛[37mm␛[37main.cpp:684 |  TEMP in Celsius, S1: 15.000000, S2: 15.000000
␛[37ma␛[37mmisReader.cpp:162 | mapJsonValues: Wirkleistung P+ 0.000
␛[37mm␛[37main.cpp:775 | main:: AmisReader: available is: 2158, import: 28512042 , export: 16289302
main.cpp:886 | PID_CONTROLLER_INTERVALL
pidManager.cpp:199 | =================PID Start =======================
influx.cpp:136 | influx_write_production BEGIN
␛[37me␛[37mprom.cpp:144 | eprom_getSetup() .. AmisReaderHost: 167772181 10.0.0.21
␛[37mp␛[37midManager.cpp:237 | Abs: 505.400000,  newAvailableWatt: -505.400000, Bias: 10, addLoad: 0.000
␛[37mw␛[37mebSockets.cpp:83 | webSocks - getJsonOj:  15.00
␛[37mm␛[37modbusReader.cpp:119 | modbus do connect .... 1
␛[37mm␛[37modbusReader.cpp:319 | Modbus read susccessfully ...
␛[37mm␛[37modbusRegister.cpp:61 | ==> scaling, value: 13824
modbusRegister.cpp:61 | ==> scaling, value: 12800
modbusRegister.cpp:61 | ==> scaling, value: 12800
␛[37mmodbusReader.cpp:392 | ModbusReader::Index:[2]:: [Akku State] , data:     13824.000;    12800.000;    12800.000; 24990578.000;
␛[37mmain.cpp:809 | Produktion 1.63 kW
main.cpp:811 | EXport 2.15 kW
main.cpp:823 |   in W: 3.78 kW
␛[37mm␛[37main.cpp:886 | PID_CONTROLLER_INTERVALL
pidManager.cpp:199 | =================PID Start =======================
influx.cpp:136 | influx_write_production BEGIN
␛[37me␛[37mprom.cpp:144 | eprom_getSetup() .. AmisReaderHost: 167772181 10.0.0.21
␛[37mp␛[37midManager.cpp:237 | Abs: 505.400000,  newAvailableWatt: -505.400000, Bias: 10, addLoad: 0.000
␛[37mm␛[37main.cpp:886 | PID_CONTROLLER_INTERVALL
pidManager.cpp:199 | =================PID Start =======================
influx.cpp:136 | influx_write_production BEGIN
␛[37me␛[37mprom.cpp:144 | eprom_getSetup() .. AmisReaderHost: 167772181 10.0.0.21
␛[37mp␛[37midManager.cpp:237 | Abs: 505.400000,  newAvailableWatt: -505.400000, Bias: 10, addLoad: 0.000
␛[37mm␛[37modbusReader.cpp:119 | modbus do connect .... 1
␛[37mm␛[37modbusReader.cpp:319 | Modbus read susccessfully ...
␛[37mm␛[37modbusRegister.cpp:61 | ==> scaling, value: 0
modbusRegister.cpp:61 | ==> scaling, value: 0
modbusRegister.cpp:61 | ==> scaling, value: 0
modbusRegister.cpp:61 | ==> scaling, value: 0
modbusRegister.␛[37mc␛[37mpp:61 | ==> scaling, value: 0
modbusRegister.cpp:61 | ==> scaling, value: 0
modbusRegister.cpp:61 | ==> scaling, value: 0
␛[37mm␛[37modbusReader.cpp:392 | ModbusReader::Index:[3]:: [Akku Strg] , data:         0.000;        0.000;        0.000;        0.000;        ␛[37m0.000;        0.000;        0.000;
modbusReader.cpp:403 |  
␛[37mm␛[37main.cpp:809 | Produktion 1.63 kW
main.cpp:811 | EXport 2.15 kW
␛[37mm␛[37main.cpp:823 |   in W: 3.78 kW
␛[37mm␛[37main.cpp:684 |  TEMP in Celsius, S1: 15.000000, S2: 15.000000
main.cpp:886 | PID_CONTROLLER_INTERVALL
pidManager.cpp:199 | =================PID Start =======================
influx.cpp:136 | influx_write_production BEGIN
␛[37me␛[37mprom.cpp:144 | eprom_getSetup() .. AmisReaderHost: 167772181 10.0.0.21
␛[37mp␛[37midManager.cpp:237 | Abs: 505.400000,  newAvailableWatt: -505.400000, Bias: 10, addLoad: 0.000
pidManager.cpp:257 | Means of MAX_LEN_MEASURE-2 measures 
pidManager.cpp:278 | AvailableWatt: -505.400000 < 0, Consumation, analogOut: 77.326   
pidManager.cpp:111 | getWattBoundInRelays
pidManager.cpp:282 | storage: 0.000 , availableWatt: 505.400 
␛[37mpidManager.cpp:175 | >  0,mCurrentPower <= onePhas: pwm: 77.326200
␛[37mp␛[37midManager.cpp:305 | 6 availableWatt < onePhase, mAnalogOut: 77.326
pidManager.cpp:111 | getWattBoundInRelays
␛[37mpidManager.cpp:421 | Eexit  mCurrPower (W): -0.000, sto␛[37mrage: 0.000 STore: 77.326,anaOutput(PWM) 0.000000, Dig1: 0, Dig2: 0
influx.cpp:116 | influx_write_test BEGIN, isValid: 1
␛[37mp␛[37midManager.cpp:428 | Available: -0.000, storage: 0.000
pidManager.cpp:429 | =================PID End =======================
␛[37mm␛[37main.cpp:684 |  TEMP in Celsius, S1: 15.000000, S2: 15.000000
␛[37ma␛[37mmisReader.cpp:162 | mapJsonValues: Wirkleistung P+ 0.000
␛[37mm␛[37main.cpp:775 | main:: AmisReader: available is: 2164, import: 28512055 , export: 16289302
␛[37mm␛[37modbusReader.cpp:119 | modbus do connect .... 1
␛[37mm␛[37modbusReader.cpp:319 | Modbus read susccessfully ...
␛[37mm␛[37modbusRegister.cpp:61 | ==> scaling, value: 16334
modbusRegister.cpp:61 | ==> scaling, value: 18657
␛[37mmodbusReader.cpp:392 | ModbusReader::Index:[0]:: [Inverter] , data:      1633.400; 24990578.180;     1865.700;
main.cpp:809 | Produktion 1.63 kW
␛[37mmain.cpp:811 | EXport 2.15 kW
main.cpp:823 |   in W: 3.78 kW
␛[37mm␛[37main.cpp:886 | PID_CONTROLLER_INTERVALL
pidManager.cpp:199 | =================PID Start =======================
influx.cpp:136 | influx_write_production BEGIN
␛[37me␛[37mprom.cpp:144 | eprom_getSetup() .. AmisReaderHost: 167772181 10.0.0.21
␛[37mp␛[37midManager.cpp:237 | Abs: 505.400000,  newAvailableWatt: -505.400000, Bias: 10, addLoad: 0.000
␛[37mw␛[37mebSockets.cpp:83 | webSocks - getJsonOj:  15.00
